<?xml version="1.0" encoding="UTF-8"?>
<!-- Generated by org.testng.reporters.JUnitReportReporter -->
<testsuite skipped="0" hostname="Mds-MBP-2.home" name="main.SmokeTest" tests="1" failures="0" timestamp="16 Jan 2018 01:26:41 GMT" time="0.708" errors="0">
  <testcase name="test" time="0.708" classname="main.SmokeTest"/>
</testsuite> <!-- main.SmokeTest -->
